{"/home/andreas/work/unexpected-color/lib/unexpectedColor.js":{"path":"/home/andreas/work/unexpected-color/lib/unexpectedColor.js","s":{"1":1,"2":1,"3":2,"4":32,"5":2,"6":4,"7":4,"8":2,"9":2,"10":2},"b":{"1":[32,31,14]},"f":{"1":2,"2":32,"3":2,"4":4,"5":4,"6":2,"7":2},"fnMap":{"1":{"name":"(anonymous_1)","line":5,"loc":{"start":{"line":5,"column":17},"end":{"line":5,"column":35}}},"2":{"name":"(anonymous_2)","line":8,"loc":{"start":{"line":8,"column":22},"end":{"line":8,"column":37}}},"3":{"name":"(anonymous_3)","line":11,"loc":{"start":{"line":11,"column":19},"end":{"line":11,"column":45}}},"4":{"name":"(anonymous_4)","line":14,"loc":{"start":{"line":14,"column":21},"end":{"line":14,"column":53}}},"5":{"name":"(anonymous_5)","line":15,"loc":{"start":{"line":15,"column":29},"end":{"line":15,"column":41}}},"6":{"name":"(anonymous_6)","line":19,"loc":{"start":{"line":19,"column":18},"end":{"line":19,"column":76}}},"7":{"name":"(anonymous_7)","line":26,"loc":{"start":{"line":26,"column":75},"end":{"line":26,"column":109}}}},"statementMap":{"1":{"start":{"line":1,"column":0},"end":{"line":1,"column":35}},"2":{"start":{"line":3,"column":0},"end":{"line":30,"column":2}},"3":{"start":{"line":6,"column":8},"end":{"line":24,"column":11}},"4":{"start":{"line":9,"column":16},"end":{"line":9,"column":80}},"5":{"start":{"line":12,"column":16},"end":{"line":12,"column":53}},"6":{"start":{"line":15,"column":16},"end":{"line":17,"column":19}},"7":{"start":{"line":16,"column":20},"end":{"line":16,"column":84}},"8":{"start":{"line":20,"column":16},"end":{"line":22,"column":18}},"9":{"start":{"line":26,"column":8},"end":{"line":28,"column":11}},"10":{"start":{"line":27,"column":12},"end":{"line":27,"column":73}}},"branchMap":{"1":{"line":9,"type":"binary-expr","locations":[{"start":{"line":9,"column":23},"end":{"line":9,"column":26}},{"start":{"line":9,"column":30},"end":{"line":9,"column":41}},{"start":{"line":9,"column":45},"end":{"line":9,"column":79}}]}}}}