TN:
SF:/home/andreas/work/unexpected-color/lib/unexpectedColor.js
FN:5,(anonymous_1)
FN:8,(anonymous_2)
FN:11,(anonymous_3)
FN:14,(anonymous_4)
FN:15,(anonymous_5)
FN:19,(anonymous_6)
FN:26,(anonymous_7)
FNF:7
FNH:7
FNDA:2,(anonymous_1)
FNDA:32,(anonymous_2)
FNDA:2,(anonymous_3)
FNDA:4,(anonymous_4)
FNDA:4,(anonymous_5)
FNDA:2,(anonymous_6)
FNDA:2,(anonymous_7)
DA:1,1
DA:3,1
DA:6,2
DA:9,32
DA:12,2
DA:15,4
DA:16,4
DA:20,2
DA:26,2
DA:27,2
LF:10
LH:10
BRDA:9,1,0,32
BRDA:9,1,1,31
BRDA:9,1,2,14
BRF:3
BRH:3
end_of_record
